<?xml version="1.0" encoding="UTF-8"?>
<!-- Generated by org.testng.reporters.JUnitXMLReporter -->
<testsuite ignored="0" hostname="DESKTOP-TG9A41H" failures="1" tests="5" name="FirefoxTest" time="2.043" errors="0" timestamp="2025-06-10T11:18:10 IST">
  <testcase classname="testng.concepts.AppCommons" name="TestCase1" time="0.075">
    <failure type="java.lang.AssertionError" message="Test Case 1 - Home Page Validations Failed...">
      <![CDATA[java.lang.AssertionError: Test Case 1 - Home Page Validations Failed...
at testng.concepts.AppCommons.TestCase1(AppCommons.java:10)
at java.base/java.util.ArrayList.forEach(ArrayList.java:1511)
... Removed 28 stack frames]]>
    </failure>
  </testcase> <!-- TestCase1 -->
  <testcase classname="testng.concepts.AppCommons" name="TestCase2" time="0.006"/>
  <testcase classname="testng.concepts.AppCommons" name="TestCase3" time="0.018"/>
  <testcase classname="testng.concepts.AppCommons" name="TestCase3" time="0.049"/>
  <testcase classname="testng.concepts.AppCommons" name="TestCase3" time="0.007"/>
</testsuite> <!-- FirefoxTest -->
